<?xml version="1.0" encoding="UTF-8"?>
<testsuite name="com.amazon.ata.unittesting.beginningunittesting.AtaAdditionTest" tests="1" skipped="0" failures="0" errors="0" timestamp="2021-05-27T23:19:44" hostname="Jamies-MacBook-Pro.local" time="0.021">
  <properties/>
  <testcase name="add_singleInteger_returnsTheInteger()" classname="com.amazon.ata.unittesting.beginningunittesting.AtaAdditionTest" time="0.021"/>
  <system-out><![CDATA[]]></system-out>
  <system-err><![CDATA[]]></system-err>
</testsuite>
